<?xml version="1.0" encoding="UTF-8"?>
<testsuite name="org.apache.xmpbox.schema.XMPMediaManagementTest" time="0.005" tests="22" errors="0" skipped="0" failures="0">
  <properties>
    <property name="java.runtime.name" value="Java(TM) SE Runtime Environment"/>
    <property name="sun.boot.library.path" value="C:\Program Files\Java\jdk1.8.0_73\jre\bin"/>
    <property name="java.vm.version" value="25.73-b02"/>
    <property name="user.country.format" value="UA"/>
    <property name="java.vm.vendor" value="Oracle Corporation"/>
    <property name="maven.multiModuleProjectDirectory" value="C:\Users\Роман Лотоцький\workspace\artifactId"/>
    <property name="java.vendor.url" value="http://java.oracle.com/"/>
    <property name="path.separator" value=";"/>
    <property name="guice.disable.misplaced.annotation.check" value="true"/>
    <property name="java.vm.name" value="Java HotSpot(TM) 64-Bit Server VM"/>
    <property name="file.encoding.pkg" value="sun.io"/>
    <property name="user.script" value=""/>
    <property name="user.country" value="RU"/>
    <property name="sun.java.launcher" value="SUN_STANDARD"/>
    <property name="sun.os.patch.level" value=""/>
    <property name="java.vm.specification.name" value="Java Virtual Machine Specification"/>
    <property name="user.dir" value="C:\Users\Роман Лотоцький\workspace\artifactId"/>
    <property name="java.runtime.version" value="1.8.0_73-b02"/>
    <property name="java.awt.graphicsenv" value="sun.awt.Win32GraphicsEnvironment"/>
    <property name="java.endorsed.dirs" value="C:\Program Files\Java\jdk1.8.0_73\jre\lib\endorsed"/>
    <property name="os.arch" value="amd64"/>
    <property name="java.io.tmpdir" value="C:\Users\A6BF~1\AppData\Local\Temp\"/>
    <property name="line.separator" value="&#10;"/>
    <property name="java.vm.specification.vendor" value="Oracle Corporation"/>
    <property name="user.variant" value=""/>
    <property name="os.name" value="Windows 10"/>
    <property name="classworlds.conf" value="C:\Program Files\apache-maven-3.3.9\bin\m2.conf"/>
    <property name="sun.jnu.encoding" value="Cp1251"/>
    <property name="java.library.path" value="C:\Program Files\Java\jdk1.8.0_73\bin;C:\WINDOWS\Sun\Java\bin;C:\WINDOWS\system32;C:\WINDOWS;C:\Program Files\Java\jdk1.8.0_73;C:\Program Files\Git\cmd;C:\Program Files\Java\jdk1.8.0_73\db\bin;C:\Program Files\Java\jdk1.8.0_73\bin;C:\Users\Роман Лотоцький\AppData\Local\Microsoft\WindowsApps;C:\Program Files\apache-maven-3.3.9\bin;C:\Program Files\Java\1.8.0_73\db\bin;."/>
    <property name="java.specification.name" value="Java Platform API Specification"/>
    <property name="java.class.version" value="52.0"/>
    <property name="sun.management.compiler" value="HotSpot 64-Bit Tiered Compilers"/>
    <property name="os.version" value="10.0"/>
    <property name="user.home" value="C:\Users\Роман Лотоцький"/>
    <property name="user.timezone" value="Europe/Helsinki"/>
    <property name="java.awt.printerjob" value="sun.awt.windows.WPrinterJob"/>
    <property name="java.specification.version" value="1.8"/>
    <property name="file.encoding" value="Cp1251"/>
    <property name="user.name" value="Роман Лотоцький"/>
    <property name="java.class.path" value="C:\Program Files\apache-maven-3.3.9\boot\plexus-classworlds-2.5.2.jar"/>
    <property name="java.vm.specification.version" value="1.8"/>
    <property name="sun.arch.data.model" value="64"/>
    <property name="java.home" value="C:\Program Files\Java\jdk1.8.0_73\jre"/>
    <property name="sun.java.command" value="org.codehaus.plexus.classworlds.launcher.Launcher clean install -U"/>
    <property name="java.specification.vendor" value="Oracle Corporation"/>
    <property name="user.language" value="ru"/>
    <property name="user.language.format" value="uk"/>
    <property name="awt.toolkit" value="sun.awt.windows.WToolkit"/>
    <property name="java.vm.info" value="mixed mode"/>
    <property name="java.version" value="1.8.0_73"/>
    <property name="java.ext.dirs" value="C:\Program Files\Java\jdk1.8.0_73\jre\lib\ext;C:\WINDOWS\Sun\Java\lib\ext"/>
    <property name="sun.boot.class.path" value="C:\Program Files\Java\jdk1.8.0_73\jre\lib\resources.jar;C:\Program Files\Java\jdk1.8.0_73\jre\lib\rt.jar;C:\Program Files\Java\jdk1.8.0_73\jre\lib\sunrsasign.jar;C:\Program Files\Java\jdk1.8.0_73\jre\lib\jsse.jar;C:\Program Files\Java\jdk1.8.0_73\jre\lib\jce.jar;C:\Program Files\Java\jdk1.8.0_73\jre\lib\charsets.jar;C:\Program Files\Java\jdk1.8.0_73\jre\lib\jfr.jar;C:\Program Files\Java\jdk1.8.0_73\jre\classes"/>
    <property name="sun.stderr.encoding" value="cp866"/>
    <property name="java.vendor" value="Oracle Corporation"/>
    <property name="maven.home" value="C:\Program Files\apache-maven-3.3.9"/>
    <property name="file.separator" value="\"/>
    <property name="java.vendor.url.bug" value="http://bugreport.sun.com/bugreport/"/>
    <property name="sun.cpu.endian" value="little"/>
    <property name="sun.io.unicode.encoding" value="UnicodeLittle"/>
    <property name="sun.stdout.encoding" value="cp866"/>
    <property name="sun.desktop" value="windows"/>
    <property name="sun.cpu.isalist" value="amd64"/>
  </properties>
  <testcase name="testGetSetValue[DocumentID org.apache.xmpbox.type.TypeMapping$1@77f03bb1 {2}]" classname="org.apache.xmpbox.schema.XMPMediaManagementTest" time="0"/>
  <testcase name="testGetSetProperty[DocumentID org.apache.xmpbox.type.TypeMapping$1@77f03bb1 {2}]" classname="org.apache.xmpbox.schema.XMPMediaManagementTest" time="0"/>
  <testcase name="testGetSetValue[Manager org.apache.xmpbox.type.TypeMapping$1@326de728 {2}]" classname="org.apache.xmpbox.schema.XMPMediaManagementTest" time="0"/>
  <testcase name="testGetSetProperty[Manager org.apache.xmpbox.type.TypeMapping$1@326de728 {2}]" classname="org.apache.xmpbox.schema.XMPMediaManagementTest" time="0"/>
  <testcase name="testGetSetValue[ManageTo org.apache.xmpbox.type.TypeMapping$1@25618e91 {2}]" classname="org.apache.xmpbox.schema.XMPMediaManagementTest" time="0"/>
  <testcase name="testGetSetProperty[ManageTo org.apache.xmpbox.type.TypeMapping$1@25618e91 {2}]" classname="org.apache.xmpbox.schema.XMPMediaManagementTest" time="0"/>
  <testcase name="testGetSetValue[ManageUI org.apache.xmpbox.type.TypeMapping$1@7a92922 {2}]" classname="org.apache.xmpbox.schema.XMPMediaManagementTest" time="0"/>
  <testcase name="testGetSetProperty[ManageUI org.apache.xmpbox.type.TypeMapping$1@7a92922 {2}]" classname="org.apache.xmpbox.schema.XMPMediaManagementTest" time="0"/>
  <testcase name="testGetSetValue[InstanceID org.apache.xmpbox.type.TypeMapping$1@71f2a7d5 {2}]" classname="org.apache.xmpbox.schema.XMPMediaManagementTest" time="0"/>
  <testcase name="testGetSetProperty[InstanceID org.apache.xmpbox.type.TypeMapping$1@71f2a7d5 {2}]" classname="org.apache.xmpbox.schema.XMPMediaManagementTest" time="0"/>
  <testcase name="testGetSetValue[OriginalDocumentID org.apache.xmpbox.type.TypeMapping$1@2cfb4a64 {2}]" classname="org.apache.xmpbox.schema.XMPMediaManagementTest" time="0"/>
  <testcase name="testGetSetProperty[OriginalDocumentID org.apache.xmpbox.type.TypeMapping$1@2cfb4a64 {2}]" classname="org.apache.xmpbox.schema.XMPMediaManagementTest" time="0"/>
  <testcase name="testGetSetValue[RenditionParams org.apache.xmpbox.type.TypeMapping$1@5474c6c {2}]" classname="org.apache.xmpbox.schema.XMPMediaManagementTest" time="0"/>
  <testcase name="testGetSetProperty[RenditionParams org.apache.xmpbox.type.TypeMapping$1@5474c6c {2}]" classname="org.apache.xmpbox.schema.XMPMediaManagementTest" time="0"/>
  <testcase name="testGetSetValue[VersionID org.apache.xmpbox.type.TypeMapping$1@4b6995df {2}]" classname="org.apache.xmpbox.schema.XMPMediaManagementTest" time="0"/>
  <testcase name="testGetSetProperty[VersionID org.apache.xmpbox.type.TypeMapping$1@4b6995df {2}]" classname="org.apache.xmpbox.schema.XMPMediaManagementTest" time="0"/>
  <testcase name="testGetSetValue[Versions org.apache.xmpbox.type.TypeMapping$1@2fc14f68 {2}]" classname="org.apache.xmpbox.schema.XMPMediaManagementTest" time="0"/>
  <testcase name="testGetSetProperty[Versions org.apache.xmpbox.type.TypeMapping$1@2fc14f68 {2}]" classname="org.apache.xmpbox.schema.XMPMediaManagementTest" time="0"/>
  <testcase name="testGetSetValue[History org.apache.xmpbox.type.TypeMapping$1@591f989e {2}]" classname="org.apache.xmpbox.schema.XMPMediaManagementTest" time="0"/>
  <testcase name="testGetSetProperty[History org.apache.xmpbox.type.TypeMapping$1@591f989e {2}]" classname="org.apache.xmpbox.schema.XMPMediaManagementTest" time="0"/>
  <testcase name="testGetSetValue[Ingredients org.apache.xmpbox.type.TypeMapping$1@66048bfd {2}]" classname="org.apache.xmpbox.schema.XMPMediaManagementTest" time="0.001"/>
  <testcase name="testGetSetProperty[Ingredients org.apache.xmpbox.type.TypeMapping$1@66048bfd {2}]" classname="org.apache.xmpbox.schema.XMPMediaManagementTest" time="0.004"/>
</testsuite>